<?xml version="1.0" encoding="UTF-8"?>
<!-- Generated by org.testng.reporters.JUnitXMLReporter -->
<testsuite ignored="0" hostname="LAPTOP-0R93REBF" failures="0" tests="3" name="Default test" time="7.266" errors="0" timestamp="2025-02-08T18:57:15 IST">
  <testcase classname="com.ui.tests.LoginTest" name="LoginCSVTest" time="0.016">
    <skipped/>
  </testcase> <!-- LoginCSVTest -->
  <testcase classname="com.ui.tests.LoginTest" name="LoginCSVTest" time="0.002">
    <skipped/>
  </testcase> <!-- LoginCSVTest -->
  <testcase classname="com.ui.tests.LoginTest" name="LoginCSVTest" time="0.005">
    <skipped/>
  </testcase> <!-- LoginCSVTest -->
</testsuite> <!-- Default test -->
