<?xml version="1.0" encoding="UTF-8"?>
<!-- Generated by org.testng.reporters.JUnitXMLReporter -->
<testsuite ignored="0" hostname="LAPTOP-0R93REBF" failures="6" tests="9" name="UI Automation Test" time="30.594" errors="0" timestamp="2025-02-08T18:03:36 IST">
  <testcase classname="com.ui.tests.LoginTest" name="loginTest" time="0.022">
    <skipped/>
  </testcase> <!-- loginTest -->
  <testcase classname="com.ui.tests.LoginTest" name="LoginExcelTest" time="0.007">
    <skipped/>
  </testcase> <!-- LoginExcelTest -->
  <testcase classname="com.ui.tests.LoginTest" name="LoginCSVTest" time="0.006">
    <skipped/>
  </testcase> <!-- LoginCSVTest -->
  <testcase classname="com.ui.tests.LoginTest" name="loginTest" time="0.005">
    <failure type="java.lang.NullPointerException" message="Cannot invoke &amp;quot;com.ui.pages.HomePage.goLoginPage()&amp;quot; because &amp;quot;this.homepage&amp;quot; is null">
      <![CDATA[java.lang.NullPointerException: Cannot invoke "com.ui.pages.HomePage.goLoginPage()" because "this.homepage" is null
at com.ui.tests.LoginTest.loginTest(LoginTest.java:29)
at java.base/java.util.concurrent.ThreadPoolExecutor.runWorker(ThreadPoolExecutor.java:1144)
at java.base/java.util.concurrent.ThreadPoolExecutor$Worker.run(ThreadPoolExecutor.java:642)
at java.base/java.lang.Thread.run(Thread.java:1570)
... Removed 10 stack frames]]>
    </failure>
  </testcase> <!-- loginTest -->
  <testcase classname="com.ui.tests.LoginTest" name="LoginExcelTest" time="0.005">
    <failure type="java.lang.NullPointerException" message="Cannot invoke &amp;quot;com.ui.pages.HomePage.goLoginPage()&amp;quot; because &amp;quot;this.homepage&amp;quot; is null">
      <![CDATA[java.lang.NullPointerException: Cannot invoke "com.ui.pages.HomePage.goLoginPage()" because "this.homepage" is null
at com.ui.tests.LoginTest.LoginExcelTest(LoginTest.java:52)
at java.base/java.util.concurrent.ThreadPoolExecutor.runWorker(ThreadPoolExecutor.java:1144)
at java.base/java.util.concurrent.ThreadPoolExecutor$Worker.run(ThreadPoolExecutor.java:642)
at java.base/java.lang.Thread.run(Thread.java:1570)
... Removed 10 stack frames]]>
    </failure>
  </testcase> <!-- LoginExcelTest -->
  <testcase classname="com.ui.tests.LoginTest" name="LoginCSVTest" time="0.006">
    <failure type="java.lang.NullPointerException" message="Cannot invoke &amp;quot;com.ui.pages.HomePage.goLoginPage()&amp;quot; because &amp;quot;this.homepage&amp;quot; is null">
      <![CDATA[java.lang.NullPointerException: Cannot invoke "com.ui.pages.HomePage.goLoginPage()" because "this.homepage" is null
at com.ui.tests.LoginTest.LoginCSVTest(LoginTest.java:40)
at java.base/java.util.concurrent.ThreadPoolExecutor.runWorker(ThreadPoolExecutor.java:1144)
at java.base/java.util.concurrent.ThreadPoolExecutor$Worker.run(ThreadPoolExecutor.java:642)
at java.base/java.lang.Thread.run(Thread.java:1570)
... Removed 10 stack frames]]>
    </failure>
  </testcase> <!-- LoginCSVTest -->
  <testcase classname="com.ui.tests.LoginTest" name="loginTest" time="0.006">
    <failure type="java.lang.NullPointerException" message="Cannot invoke &amp;quot;com.ui.pages.HomePage.goLoginPage()&amp;quot; because &amp;quot;this.homepage&amp;quot; is null">
      <![CDATA[java.lang.NullPointerException: Cannot invoke "com.ui.pages.HomePage.goLoginPage()" because "this.homepage" is null
at com.ui.tests.LoginTest.loginTest(LoginTest.java:29)
at java.base/java.util.concurrent.ThreadPoolExecutor.runWorker(ThreadPoolExecutor.java:1144)
at java.base/java.util.concurrent.ThreadPoolExecutor$Worker.run(ThreadPoolExecutor.java:642)
at java.base/java.lang.Thread.run(Thread.java:1570)
... Removed 10 stack frames]]>
    </failure>
  </testcase> <!-- loginTest -->
  <testcase classname="com.ui.tests.LoginTest" name="LoginCSVTest" time="0.012">
    <failure type="java.lang.NullPointerException" message="Cannot invoke &amp;quot;com.ui.pages.HomePage.goLoginPage()&amp;quot; because &amp;quot;this.homepage&amp;quot; is null">
      <![CDATA[java.lang.NullPointerException: Cannot invoke "com.ui.pages.HomePage.goLoginPage()" because "this.homepage" is null
at com.ui.tests.LoginTest.LoginCSVTest(LoginTest.java:40)
at java.base/java.util.concurrent.ThreadPoolExecutor.runWorker(ThreadPoolExecutor.java:1144)
at java.base/java.util.concurrent.ThreadPoolExecutor$Worker.run(ThreadPoolExecutor.java:642)
at java.base/java.lang.Thread.run(Thread.java:1570)
... Removed 10 stack frames]]>
    </failure>
  </testcase> <!-- LoginCSVTest -->
  <testcase classname="com.ui.tests.LoginTest" name="LoginCSVTest" time="0.0">
    <failure type="java.lang.NullPointerException" message="Cannot invoke &amp;quot;com.ui.pages.HomePage.goLoginPage()&amp;quot; because &amp;quot;this.homepage&amp;quot; is null">
      <![CDATA[java.lang.NullPointerException: Cannot invoke "com.ui.pages.HomePage.goLoginPage()" because "this.homepage" is null
at com.ui.tests.LoginTest.LoginCSVTest(LoginTest.java:40)
at java.base/java.util.concurrent.ThreadPoolExecutor.runWorker(ThreadPoolExecutor.java:1144)
at java.base/java.util.concurrent.ThreadPoolExecutor$Worker.run(ThreadPoolExecutor.java:642)
at java.base/java.lang.Thread.run(Thread.java:1570)
... Removed 10 stack frames]]>
    </failure>
  </testcase> <!-- LoginCSVTest -->
</testsuite> <!-- UI Automation Test -->
